[debug] [2020-09-22T13:35:42.481Z] ----------------------------------------------------------------------
[debug] [2020-09-22T13:35:42.483Z] Command:       /home/valentin/.nvm/versions/node/v12.18.3/bin/node /home/valentin/.nvm/versions/node/v12.18.3/bin/firebase emulators:start
[debug] [2020-09-22T13:35:42.483Z] CLI Version:   8.10.0
[debug] [2020-09-22T13:35:42.483Z] Platform:      linux
[debug] [2020-09-22T13:35:42.483Z] Node Version:  v12.18.3
[debug] [2020-09-22T13:35:42.483Z] Time:          Tue Sep 22 2020 21:35:42 GMT+0800 (Philippine Standard Time)
[debug] [2020-09-22T13:35:42.484Z] ----------------------------------------------------------------------
[debug] [2020-09-22T13:35:42.484Z] 
[debug] [2020-09-22T13:35:42.489Z] > command requires scopes: ["email","openid","https://www.googleapis.com/auth/cloudplatformprojects.readonly","https://www.googleapis.com/auth/firebase","https://www.googleapis.com/auth/cloud-platform"]
[debug] [2020-09-22T13:35:42.490Z] > authorizing via signed-in user
[info] i  emulators: Starting emulators: functions, hosting {"metadata":{"emulator":{"name":"hub"},"message":"Starting emulators: functions, hosting"}}
[debug] [2020-09-22T13:35:42.520Z] [hub] writing locator at /tmp/hub-shopin-97002.json
[warn] ⚠  functions: The following emulators are not running, calls to these services from the Functions emulator will affect production: firestore, database, pubsub {"metadata":{"emulator":{"name":"functions"},"message":"The following emulators are not running, calls to these services from the Functions emulator will affect production: \u001b[1mfirestore, database, pubsub\u001b[22m"}}
[warn] ⚠  Your requested "node" version "10" doesn't match your global version "12" {"metadata":{"emulator":{"name":"functions"},"message":"Your requested \"node\" version \"10\" doesn't match your global version \"12\""}}
[debug] [2020-09-22T13:35:42.556Z] defaultcredentials: writing to file /home/valentin/.config/firebase/valentin_vignal.dev_outlook.fr_application_default_credentials.json
[debug] [2020-09-22T13:35:42.559Z] Setting GAC to /home/valentin/.config/firebase/valentin_vignal.dev_outlook.fr_application_default_credentials.json {"metadata":{"emulator":{"name":"functions"},"message":"Setting GAC to /home/valentin/.config/firebase/valentin_vignal.dev_outlook.fr_application_default_credentials.json"}}
[debug] [2020-09-22T13:35:42.566Z] >>> HTTP REQUEST GET https://firebase.googleapis.com/v1beta1/projects/shopin-97002/webApps/-/config  
 
[debug] [2020-09-22T13:35:43.933Z] <<< HTTP RESPONSE 200 {"content-type":"application/json; charset=UTF-8","vary":"X-Origin, Referer, Origin,Accept-Encoding","date":"Tue, 22 Sep 2020 13:35:43 GMT","server":"ESF","cache-control":"private","x-xss-protection":"0","x-frame-options":"SAMEORIGIN","x-content-type-options":"nosniff","alt-svc":"h3-Q050=\":443\"; ma=2592000,h3-29=\":443\"; ma=2592000,h3-27=\":443\"; ma=2592000,h3-T051=\":443\"; ma=2592000,h3-T050=\":443\"; ma=2592000,h3-Q046=\":443\"; ma=2592000,h3-Q043=\":443\"; ma=2592000,quic=\":443\"; ma=2592000; v=\"46,43\"","accept-ranges":"none","transfer-encoding":"chunked"}
[info] i  hosting: Serving hosting files from: build {"metadata":{"emulator":{"name":"hosting"},"message":"Serving hosting files from: \u001b[1mbuild\u001b[22m"}}
[info] ✔  hosting: Local server: http://localhost:5000 {"metadata":{"emulator":{"name":"hosting"},"message":"Local server: \u001b[4m\u001b[1mhttp://localhost:5000\u001b[22m\u001b[24m"}}
[debug] [2020-09-22T13:35:44.010Z] Ignoring unsupported arg: auto_download {"metadata":{"emulator":{"name":"ui"},"message":"Ignoring unsupported arg: auto_download"}}
[debug] [2020-09-22T13:35:44.010Z] Ignoring unsupported arg: port {"metadata":{"emulator":{"name":"ui"},"message":"Ignoring unsupported arg: port"}}
[debug] [2020-09-22T13:35:44.010Z] Starting Emulator UI with command {"binary":"node","args":["/home/valentin/.cache/firebase/emulators/ui-v1.1.1/server.bundle.js"],"optionalArgs":[],"joinArgs":false} {"metadata":{"emulator":{"name":"ui"},"message":"Starting Emulator UI with command {\"binary\":\"node\",\"args\":[\"/home/valentin/.cache/firebase/emulators/ui-v1.1.1/server.bundle.js\"],\"optionalArgs\":[],\"joinArgs\":false}"}}
[info] i  ui: Emulator UI logging to ui-debug.log {"metadata":{"emulator":{"name":"ui"},"message":"Emulator UI logging to \u001b[1mui-debug.log\u001b[22m"}}
[debug] [2020-09-22T13:35:44.129Z] Web / API server started at http://localhost:4000
 {"metadata":{"emulator":{"name":"ui"},"message":"Web / API server started at http://localhost:4000\n"}}
[info] i  functions: Watching "/home/valentin/valentin/ShopIn/shop-in/functions" for Cloud Functions... {"metadata":{"emulator":{"name":"functions"},"message":"Watching \"/home/valentin/valentin/ShopIn/shop-in/functions\" for Cloud Functions..."}}
[debug] [2020-09-22T13:35:44.309Z] [worker-pool] addWorker(~diagnostic~) {"metadata":{"emulator":{"name":"functions"},"message":"[worker-pool] addWorker(~diagnostic~)"}}
[debug] [2020-09-22T13:35:44.310Z] [worker-pool] Adding worker with key ~diagnostic~, total=1 {"metadata":{"emulator":{"name":"functions"},"message":"[worker-pool] Adding worker with key ~diagnostic~, total=1"}}
[debug] [2020-09-22T13:35:44.310Z] [worker-pool] submitWork(triggerId=) {"metadata":{"emulator":{"name":"functions"},"message":"[worker-pool] submitWork(triggerId=)"}}
[debug] [2020-09-22T13:35:44.311Z] [worker-~diagnostic~-e5b1c1dd-9339-433f-83aa-249005e9dafb]: Assigning socketPath: /tmp/fire_emu_17646.sock {"metadata":{"emulator":{"name":"functions"},"message":"[worker-~diagnostic~-e5b1c1dd-9339-433f-83aa-249005e9dafb]: Assigning socketPath: /tmp/fire_emu_17646.sock"}}
[debug] [2020-09-22T13:35:44.312Z] [worker-~diagnostic~-e5b1c1dd-9339-433f-83aa-249005e9dafb]: BUSY {"metadata":{"emulator":{"name":"functions"},"message":"[worker-~diagnostic~-e5b1c1dd-9339-433f-83aa-249005e9dafb]: BUSY"}}
[debug] [2020-09-22T13:35:44.646Z] [runtime-status] [17646] Functions runtime initialized. {"cwd":"/home/valentin/valentin/ShopIn/shop-in/functions","node_version":"12.18.3"} {"metadata":{"emulator":{"name":"functions"},"message":"[runtime-status] [17646] Functions runtime initialized. {\"cwd\":\"/home/valentin/valentin/ShopIn/shop-in/functions\",\"node_version\":\"12.18.3\"}"}}
[debug] [2020-09-22T13:35:44.648Z] [runtime-status] [17646] Disabled runtime features: undefined {"metadata":{"emulator":{"name":"functions"},"message":"[runtime-status] [17646] Disabled runtime features: undefined"}}
[debug] [2020-09-22T13:35:44.650Z] [runtime-status] [17646] Resolved module firebase-admin {"declared":true,"installed":true,"version":"8.13.0","resolution":"/home/valentin/valentin/ShopIn/shop-in/functions/node_modules/firebase-admin/lib/index.js"} {"metadata":{"emulator":{"name":"functions"},"message":"[runtime-status] [17646] Resolved module firebase-admin {\"declared\":true,\"installed\":true,\"version\":\"8.13.0\",\"resolution\":\"/home/valentin/valentin/ShopIn/shop-in/functions/node_modules/firebase-admin/lib/index.js\"}"}}
[debug] [2020-09-22T13:35:44.652Z] [runtime-status] [17646] Resolved module firebase-functions {"declared":true,"installed":true,"version":"3.11.0","resolution":"/home/valentin/valentin/ShopIn/shop-in/functions/node_modules/firebase-functions/lib/index.js"} {"metadata":{"emulator":{"name":"functions"},"message":"[runtime-status] [17646] Resolved module firebase-functions {\"declared\":true,\"installed\":true,\"version\":\"3.11.0\",\"resolution\":\"/home/valentin/valentin/ShopIn/shop-in/functions/node_modules/firebase-functions/lib/index.js\"}"}}
[debug] [2020-09-22T13:35:44.653Z] [runtime-status] [17646] Resolved module firebase-functions {"declared":true,"installed":true,"version":"3.11.0","resolution":"/home/valentin/valentin/ShopIn/shop-in/functions/node_modules/firebase-functions/lib/index.js"} {"metadata":{"emulator":{"name":"functions"},"message":"[runtime-status] [17646] Resolved module firebase-functions {\"declared\":true,\"installed\":true,\"version\":\"3.11.0\",\"resolution\":\"/home/valentin/valentin/ShopIn/shop-in/functions/node_modules/firebase-functions/lib/index.js\"}"}}
[debug] [2020-09-22T13:35:44.656Z] [runtime-status] [17646] Outgoing network have been stubbed. [{"name":"http","status":"mocked"},{"name":"http","status":"mocked"},{"name":"https","status":"mocked"},{"name":"https","status":"mocked"},{"name":"net","status":"mocked"}] {"metadata":{"emulator":{"name":"functions"},"message":"[runtime-status] [17646] Outgoing network have been stubbed. [{\"name\":\"http\",\"status\":\"mocked\"},{\"name\":\"http\",\"status\":\"mocked\"},{\"name\":\"https\",\"status\":\"mocked\"},{\"name\":\"https\",\"status\":\"mocked\"},{\"name\":\"net\",\"status\":\"mocked\"}]"}}
[debug] [2020-09-22T13:35:44.658Z] [runtime-status] [17646] Resolved module firebase-functions {"declared":true,"installed":true,"version":"3.11.0","resolution":"/home/valentin/valentin/ShopIn/shop-in/functions/node_modules/firebase-functions/lib/index.js"} {"metadata":{"emulator":{"name":"functions"},"message":"[runtime-status] [17646] Resolved module firebase-functions {\"declared\":true,\"installed\":true,\"version\":\"3.11.0\",\"resolution\":\"/home/valentin/valentin/ShopIn/shop-in/functions/node_modules/firebase-functions/lib/index.js\"}"}}
[debug] [2020-09-22T13:35:44.692Z] [runtime-status] [17646] Checked functions.config() {"config":{}} {"metadata":{"emulator":{"name":"functions"},"message":"[runtime-status] [17646] Checked functions.config() {\"config\":{}}"}}
[debug] [2020-09-22T13:35:44.693Z] [runtime-status] [17646] firebase-functions has been stubbed. {"functionsResolution":{"declared":true,"installed":true,"version":"3.11.0","resolution":"/home/valentin/valentin/ShopIn/shop-in/functions/node_modules/firebase-functions/lib/index.js"}} {"metadata":{"emulator":{"name":"functions"},"message":"[runtime-status] [17646] firebase-functions has been stubbed. {\"functionsResolution\":{\"declared\":true,\"installed\":true,\"version\":\"3.11.0\",\"resolution\":\"/home/valentin/valentin/ShopIn/shop-in/functions/node_modules/firebase-functions/lib/index.js\"}}"}}
[debug] [2020-09-22T13:35:44.693Z] [runtime-status] [17646] Resolved module firebase-functions {"declared":true,"installed":true,"version":"3.11.0","resolution":"/home/valentin/valentin/ShopIn/shop-in/functions/node_modules/firebase-functions/lib/index.js"} {"metadata":{"emulator":{"name":"functions"},"message":"[runtime-status] [17646] Resolved module firebase-functions {\"declared\":true,\"installed\":true,\"version\":\"3.11.0\",\"resolution\":\"/home/valentin/valentin/ShopIn/shop-in/functions/node_modules/firebase-functions/lib/index.js\"}"}}
[debug] [2020-09-22T13:35:44.695Z] [runtime-status] [17646] Resolved module firebase-admin {"declared":true,"installed":true,"version":"8.13.0","resolution":"/home/valentin/valentin/ShopIn/shop-in/functions/node_modules/firebase-admin/lib/index.js"} {"metadata":{"emulator":{"name":"functions"},"message":"[runtime-status] [17646] Resolved module firebase-admin {\"declared\":true,\"installed\":true,\"version\":\"8.13.0\",\"resolution\":\"/home/valentin/valentin/ShopIn/shop-in/functions/node_modules/firebase-admin/lib/index.js\"}"}}
[debug] [2020-09-22T13:35:44.695Z] [runtime-status] [17646] Resolved module firebase-functions {"declared":true,"installed":true,"version":"3.11.0","resolution":"/home/valentin/valentin/ShopIn/shop-in/functions/node_modules/firebase-functions/lib/index.js"} {"metadata":{"emulator":{"name":"functions"},"message":"[runtime-status] [17646] Resolved module firebase-functions {\"declared\":true,\"installed\":true,\"version\":\"3.11.0\",\"resolution\":\"/home/valentin/valentin/ShopIn/shop-in/functions/node_modules/firebase-functions/lib/index.js\"}"}}
[debug] [2020-09-22T13:35:44.696Z] [runtime-status] [17646] firebase-admin has been stubbed. {"adminResolution":{"declared":true,"installed":true,"version":"8.13.0","resolution":"/home/valentin/valentin/ShopIn/shop-in/functions/node_modules/firebase-admin/lib/index.js"}} {"metadata":{"emulator":{"name":"functions"},"message":"[runtime-status] [17646] firebase-admin has been stubbed. {\"adminResolution\":{\"declared\":true,\"installed\":true,\"version\":\"8.13.0\",\"resolution\":\"/home/valentin/valentin/ShopIn/shop-in/functions/node_modules/firebase-admin/lib/index.js\"}}"}}
[info] ✔  functions[api]: http function initialized (http://localhost:5001/shopin-97002/us-central1/api). {"metadata":{"emulator":{"name":"functions"},"message":"\u001b[1mhttp\u001b[22m function initialized (http://localhost:5001/shopin-97002/us-central1/api)."}}
[info] 
┌───────────────────────────────────────────────────────────────────────┐
│ ✔  All emulators ready! View status and logs at http://localhost:4000 │
└───────────────────────────────────────────────────────────────────────┘

┌───────────┬────────────────┬─────────────────────────────────┐
│ Emulator  │ Host:Port      │ View in Emulator UI             │
├───────────┼────────────────┼─────────────────────────────────┤
│ Functions │ localhost:5001 │ http://localhost:4000/functions │
├───────────┼────────────────┼─────────────────────────────────┤
│ Hosting   │ localhost:5000 │ n/a                             │
└───────────┴────────────────┴─────────────────────────────────┘
  Other reserved ports: 4400, 4500

Issues? Report them at https://github.com/firebase/firebase-tools/issues and attach the *-debug.log files.
 
[debug] [2020-09-22T13:35:44.768Z] [worker-~diagnostic~-e5b1c1dd-9339-433f-83aa-249005e9dafb]: IDLE {"metadata":{"emulator":{"name":"functions"},"message":"[worker-~diagnostic~-e5b1c1dd-9339-433f-83aa-249005e9dafb]: IDLE"}}
[debug] [2020-09-22T13:37:48.512Z] File /home/valentin/valentin/ShopIn/shop-in/functions/src/index.ts changed, reloading triggers {"metadata":{"emulator":{"name":"functions"},"message":"File /home/valentin/valentin/ShopIn/shop-in/functions/src/index.ts changed, reloading triggers"}}
[debug] [2020-09-22T13:37:49.514Z] [worker-pool] Shutting down IDLE worker (~diagnostic~) {"metadata":{"emulator":{"name":"functions"},"message":"[worker-pool] Shutting down IDLE worker (~diagnostic~)"}}
[debug] [2020-09-22T13:37:49.514Z] [worker-~diagnostic~-e5b1c1dd-9339-433f-83aa-249005e9dafb]: FINISHING {"metadata":{"emulator":{"name":"functions"},"message":"[worker-~diagnostic~-e5b1c1dd-9339-433f-83aa-249005e9dafb]: FINISHING"}}
[debug] [2020-09-22T13:37:49.541Z] [worker-pool] addWorker(~diagnostic~) {"metadata":{"emulator":{"name":"functions"},"message":"[worker-pool] addWorker(~diagnostic~)"}}
[debug] [2020-09-22T13:37:49.542Z] [worker-pool] Adding worker with key ~diagnostic~, total=2 {"metadata":{"emulator":{"name":"functions"},"message":"[worker-pool] Adding worker with key ~diagnostic~, total=2"}}
[debug] [2020-09-22T13:37:49.542Z] [worker-pool] submitWork(triggerId=) {"metadata":{"emulator":{"name":"functions"},"message":"[worker-pool] submitWork(triggerId=)"}}
[debug] [2020-09-22T13:37:49.543Z] [worker-~diagnostic~-b180ed5c-d807-40a3-9c7f-0b2b9dc0561c]: Assigning socketPath: /tmp/fire_emu_17836.sock {"metadata":{"emulator":{"name":"functions"},"message":"[worker-~diagnostic~-b180ed5c-d807-40a3-9c7f-0b2b9dc0561c]: Assigning socketPath: /tmp/fire_emu_17836.sock"}}
[debug] [2020-09-22T13:37:49.544Z] [worker-~diagnostic~-b180ed5c-d807-40a3-9c7f-0b2b9dc0561c]: BUSY {"metadata":{"emulator":{"name":"functions"},"message":"[worker-~diagnostic~-b180ed5c-d807-40a3-9c7f-0b2b9dc0561c]: BUSY"}}
[debug] [2020-09-22T13:37:49.554Z] [worker-~diagnostic~-e5b1c1dd-9339-433f-83aa-249005e9dafb]: exited {"metadata":{"emulator":{"name":"functions"},"message":"[worker-~diagnostic~-e5b1c1dd-9339-433f-83aa-249005e9dafb]: exited"}}
[debug] [2020-09-22T13:37:49.556Z] [worker-~diagnostic~-e5b1c1dd-9339-433f-83aa-249005e9dafb]: FINISHED {"metadata":{"emulator":{"name":"functions"},"message":"[worker-~diagnostic~-e5b1c1dd-9339-433f-83aa-249005e9dafb]: FINISHED"}}
[debug] [2020-09-22T13:37:50.072Z] [runtime-status] [17836] Functions runtime initialized. {"cwd":"/home/valentin/valentin/ShopIn/shop-in/functions","node_version":"12.18.3"} {"metadata":{"emulator":{"name":"functions"},"message":"[runtime-status] [17836] Functions runtime initialized. {\"cwd\":\"/home/valentin/valentin/ShopIn/shop-in/functions\",\"node_version\":\"12.18.3\"}"}}
[debug] [2020-09-22T13:37:50.079Z] [runtime-status] [17836] Disabled runtime features: undefined {"metadata":{"emulator":{"name":"functions"},"message":"[runtime-status] [17836] Disabled runtime features: undefined"}}
[debug] [2020-09-22T13:37:50.085Z] [runtime-status] [17836] Resolved module firebase-admin {"declared":true,"installed":true,"version":"8.13.0","resolution":"/home/valentin/valentin/ShopIn/shop-in/functions/node_modules/firebase-admin/lib/index.js"} {"metadata":{"emulator":{"name":"functions"},"message":"[runtime-status] [17836] Resolved module firebase-admin {\"declared\":true,\"installed\":true,\"version\":\"8.13.0\",\"resolution\":\"/home/valentin/valentin/ShopIn/shop-in/functions/node_modules/firebase-admin/lib/index.js\"}"}}
[debug] [2020-09-22T13:37:50.086Z] [runtime-status] [17836] Resolved module firebase-functions {"declared":true,"installed":true,"version":"3.11.0","resolution":"/home/valentin/valentin/ShopIn/shop-in/functions/node_modules/firebase-functions/lib/index.js"} {"metadata":{"emulator":{"name":"functions"},"message":"[runtime-status] [17836] Resolved module firebase-functions {\"declared\":true,\"installed\":true,\"version\":\"3.11.0\",\"resolution\":\"/home/valentin/valentin/ShopIn/shop-in/functions/node_modules/firebase-functions/lib/index.js\"}"}}
[debug] [2020-09-22T13:37:50.086Z] [runtime-status] [17836] Resolved module firebase-functions {"declared":true,"installed":true,"version":"3.11.0","resolution":"/home/valentin/valentin/ShopIn/shop-in/functions/node_modules/firebase-functions/lib/index.js"} {"metadata":{"emulator":{"name":"functions"},"message":"[runtime-status] [17836] Resolved module firebase-functions {\"declared\":true,\"installed\":true,\"version\":\"3.11.0\",\"resolution\":\"/home/valentin/valentin/ShopIn/shop-in/functions/node_modules/firebase-functions/lib/index.js\"}"}}
[debug] [2020-09-22T13:37:50.089Z] [runtime-status] [17836] Outgoing network have been stubbed. [{"name":"http","status":"mocked"},{"name":"http","status":"mocked"},{"name":"https","status":"mocked"},{"name":"https","status":"mocked"},{"name":"net","status":"mocked"}] {"metadata":{"emulator":{"name":"functions"},"message":"[runtime-status] [17836] Outgoing network have been stubbed. [{\"name\":\"http\",\"status\":\"mocked\"},{\"name\":\"http\",\"status\":\"mocked\"},{\"name\":\"https\",\"status\":\"mocked\"},{\"name\":\"https\",\"status\":\"mocked\"},{\"name\":\"net\",\"status\":\"mocked\"}]"}}
[debug] [2020-09-22T13:37:50.089Z] [runtime-status] [17836] Resolved module firebase-functions {"declared":true,"installed":true,"version":"3.11.0","resolution":"/home/valentin/valentin/ShopIn/shop-in/functions/node_modules/firebase-functions/lib/index.js"} {"metadata":{"emulator":{"name":"functions"},"message":"[runtime-status] [17836] Resolved module firebase-functions {\"declared\":true,\"installed\":true,\"version\":\"3.11.0\",\"resolution\":\"/home/valentin/valentin/ShopIn/shop-in/functions/node_modules/firebase-functions/lib/index.js\"}"}}
[debug] [2020-09-22T13:37:50.129Z] [runtime-status] [17836] Checked functions.config() {"config":{}} {"metadata":{"emulator":{"name":"functions"},"message":"[runtime-status] [17836] Checked functions.config() {\"config\":{}}"}}
[debug] [2020-09-22T13:37:50.130Z] [runtime-status] [17836] firebase-functions has been stubbed. {"functionsResolution":{"declared":true,"installed":true,"version":"3.11.0","resolution":"/home/valentin/valentin/ShopIn/shop-in/functions/node_modules/firebase-functions/lib/index.js"}} {"metadata":{"emulator":{"name":"functions"},"message":"[runtime-status] [17836] firebase-functions has been stubbed. {\"functionsResolution\":{\"declared\":true,\"installed\":true,\"version\":\"3.11.0\",\"resolution\":\"/home/valentin/valentin/ShopIn/shop-in/functions/node_modules/firebase-functions/lib/index.js\"}}"}}
[debug] [2020-09-22T13:37:50.130Z] [runtime-status] [17836] Resolved module firebase-functions {"declared":true,"installed":true,"version":"3.11.0","resolution":"/home/valentin/valentin/ShopIn/shop-in/functions/node_modules/firebase-functions/lib/index.js"} {"metadata":{"emulator":{"name":"functions"},"message":"[runtime-status] [17836] Resolved module firebase-functions {\"declared\":true,\"installed\":true,\"version\":\"3.11.0\",\"resolution\":\"/home/valentin/valentin/ShopIn/shop-in/functions/node_modules/firebase-functions/lib/index.js\"}"}}
[debug] [2020-09-22T13:37:50.132Z] [runtime-status] [17836] Resolved module firebase-admin {"declared":true,"installed":true,"version":"8.13.0","resolution":"/home/valentin/valentin/ShopIn/shop-in/functions/node_modules/firebase-admin/lib/index.js"} {"metadata":{"emulator":{"name":"functions"},"message":"[runtime-status] [17836] Resolved module firebase-admin {\"declared\":true,\"installed\":true,\"version\":\"8.13.0\",\"resolution\":\"/home/valentin/valentin/ShopIn/shop-in/functions/node_modules/firebase-admin/lib/index.js\"}"}}
[debug] [2020-09-22T13:37:50.132Z] [runtime-status] [17836] Resolved module firebase-functions {"declared":true,"installed":true,"version":"3.11.0","resolution":"/home/valentin/valentin/ShopIn/shop-in/functions/node_modules/firebase-functions/lib/index.js"} {"metadata":{"emulator":{"name":"functions"},"message":"[runtime-status] [17836] Resolved module firebase-functions {\"declared\":true,\"installed\":true,\"version\":\"3.11.0\",\"resolution\":\"/home/valentin/valentin/ShopIn/shop-in/functions/node_modules/firebase-functions/lib/index.js\"}"}}
[debug] [2020-09-22T13:37:50.133Z] [runtime-status] [17836] firebase-admin has been stubbed. {"adminResolution":{"declared":true,"installed":true,"version":"8.13.0","resolution":"/home/valentin/valentin/ShopIn/shop-in/functions/node_modules/firebase-admin/lib/index.js"}} {"metadata":{"emulator":{"name":"functions"},"message":"[runtime-status] [17836] firebase-admin has been stubbed. {\"adminResolution\":{\"declared\":true,\"installed\":true,\"version\":\"8.13.0\",\"resolution\":\"/home/valentin/valentin/ShopIn/shop-in/functions/node_modules/firebase-admin/lib/index.js\"}}"}}
[debug] [2020-09-22T13:37:50.239Z] [worker-~diagnostic~-b180ed5c-d807-40a3-9c7f-0b2b9dc0561c]: IDLE {"metadata":{"emulator":{"name":"functions"},"message":"[worker-~diagnostic~-b180ed5c-d807-40a3-9c7f-0b2b9dc0561c]: IDLE"}}
[debug] [2020-09-22T13:37:59.775Z] [work-queue] {"queueLength":1,"workRunningCount":0}
[debug] [2020-09-22T13:37:59.775Z] [work-queue] {"queueLength":0,"workRunningCount":1}
[debug] [2020-09-22T13:37:59.776Z] Accepted request GET /shopin-97002/us-central1/api --> api
[debug] [2020-09-22T13:37:59.777Z] [worker-pool] Cleaned up workers for ~diagnostic~: 2 --> 1 {"metadata":{"emulator":{"name":"functions"},"message":"[worker-pool] Cleaned up workers for ~diagnostic~: 2 --> 1"}}
[debug] [2020-09-22T13:37:59.785Z] [worker-pool] addWorker(api) {"metadata":{"emulator":{"name":"functions"},"message":"[worker-pool] addWorker(api)"}}
[debug] [2020-09-22T13:37:59.785Z] [worker-pool] Adding worker with key api, total=1 {"metadata":{"emulator":{"name":"functions"},"message":"[worker-pool] Adding worker with key api, total=1"}}
[debug] [2020-09-22T13:37:59.786Z] [worker-pool] submitWork(triggerId=api) {"metadata":{"emulator":{"name":"functions"},"message":"[worker-pool] submitWork(triggerId=api)"}}
[debug] [2020-09-22T13:37:59.786Z] [worker-api-8ce86c19-70db-475a-b4f1-25f6dd88b52f]: Assigning socketPath: /tmp/fire_emu_17919.sock {"metadata":{"emulator":{"name":"functions"},"message":"[worker-api-8ce86c19-70db-475a-b4f1-25f6dd88b52f]: Assigning socketPath: /tmp/fire_emu_17919.sock"}}
[debug] [2020-09-22T13:37:59.786Z] [worker-api-8ce86c19-70db-475a-b4f1-25f6dd88b52f]: BUSY {"metadata":{"emulator":{"name":"functions"},"message":"[worker-api-8ce86c19-70db-475a-b4f1-25f6dd88b52f]: BUSY"}}
[debug] [2020-09-22T13:38:00.213Z] [runtime-status] [17919] Functions runtime initialized. {"cwd":"/home/valentin/valentin/ShopIn/shop-in/functions","node_version":"12.18.3"} {"metadata":{"emulator":{"name":"functions"},"function":{"name":"api"},"message":"[runtime-status] [17919] Functions runtime initialized. {\"cwd\":\"/home/valentin/valentin/ShopIn/shop-in/functions\",\"node_version\":\"12.18.3\"}"}}
[debug] [2020-09-22T13:38:00.217Z] [runtime-status] [17919] Disabled runtime features: undefined {"metadata":{"emulator":{"name":"functions"},"function":{"name":"api"},"message":"[runtime-status] [17919] Disabled runtime features: undefined"}}
[debug] [2020-09-22T13:38:00.222Z] [runtime-status] [17919] Resolved module firebase-admin {"declared":true,"installed":true,"version":"8.13.0","resolution":"/home/valentin/valentin/ShopIn/shop-in/functions/node_modules/firebase-admin/lib/index.js"} {"metadata":{"emulator":{"name":"functions"},"function":{"name":"api"},"message":"[runtime-status] [17919] Resolved module firebase-admin {\"declared\":true,\"installed\":true,\"version\":\"8.13.0\",\"resolution\":\"/home/valentin/valentin/ShopIn/shop-in/functions/node_modules/firebase-admin/lib/index.js\"}"}}
[debug] [2020-09-22T13:38:00.227Z] [runtime-status] [17919] Resolved module firebase-functions {"declared":true,"installed":true,"version":"3.11.0","resolution":"/home/valentin/valentin/ShopIn/shop-in/functions/node_modules/firebase-functions/lib/index.js"} {"metadata":{"emulator":{"name":"functions"},"function":{"name":"api"},"message":"[runtime-status] [17919] Resolved module firebase-functions {\"declared\":true,\"installed\":true,\"version\":\"3.11.0\",\"resolution\":\"/home/valentin/valentin/ShopIn/shop-in/functions/node_modules/firebase-functions/lib/index.js\"}"}}
[debug] [2020-09-22T13:38:00.227Z] [runtime-status] [17919] Resolved module firebase-functions {"declared":true,"installed":true,"version":"3.11.0","resolution":"/home/valentin/valentin/ShopIn/shop-in/functions/node_modules/firebase-functions/lib/index.js"} {"metadata":{"emulator":{"name":"functions"},"function":{"name":"api"},"message":"[runtime-status] [17919] Resolved module firebase-functions {\"declared\":true,\"installed\":true,\"version\":\"3.11.0\",\"resolution\":\"/home/valentin/valentin/ShopIn/shop-in/functions/node_modules/firebase-functions/lib/index.js\"}"}}
[debug] [2020-09-22T13:38:00.243Z] [runtime-status] [17919] Outgoing network have been stubbed. [{"name":"http","status":"mocked"},{"name":"http","status":"mocked"},{"name":"https","status":"mocked"},{"name":"https","status":"mocked"},{"name":"net","status":"mocked"}] {"metadata":{"emulator":{"name":"functions"},"function":{"name":"api"},"message":"[runtime-status] [17919] Outgoing network have been stubbed. [{\"name\":\"http\",\"status\":\"mocked\"},{\"name\":\"http\",\"status\":\"mocked\"},{\"name\":\"https\",\"status\":\"mocked\"},{\"name\":\"https\",\"status\":\"mocked\"},{\"name\":\"net\",\"status\":\"mocked\"}]"}}
[debug] [2020-09-22T13:38:00.243Z] [runtime-status] [17919] Resolved module firebase-functions {"declared":true,"installed":true,"version":"3.11.0","resolution":"/home/valentin/valentin/ShopIn/shop-in/functions/node_modules/firebase-functions/lib/index.js"} {"metadata":{"emulator":{"name":"functions"},"function":{"name":"api"},"message":"[runtime-status] [17919] Resolved module firebase-functions {\"declared\":true,\"installed\":true,\"version\":\"3.11.0\",\"resolution\":\"/home/valentin/valentin/ShopIn/shop-in/functions/node_modules/firebase-functions/lib/index.js\"}"}}
[debug] [2020-09-22T13:38:00.314Z] [runtime-status] [17919] Checked functions.config() {"config":{}} {"metadata":{"emulator":{"name":"functions"},"function":{"name":"api"},"message":"[runtime-status] [17919] Checked functions.config() {\"config\":{}}"}}
[debug] [2020-09-22T13:38:00.323Z] [runtime-status] [17919] firebase-functions has been stubbed. {"functionsResolution":{"declared":true,"installed":true,"version":"3.11.0","resolution":"/home/valentin/valentin/ShopIn/shop-in/functions/node_modules/firebase-functions/lib/index.js"}} {"metadata":{"emulator":{"name":"functions"},"function":{"name":"api"},"message":"[runtime-status] [17919] firebase-functions has been stubbed. {\"functionsResolution\":{\"declared\":true,\"installed\":true,\"version\":\"3.11.0\",\"resolution\":\"/home/valentin/valentin/ShopIn/shop-in/functions/node_modules/firebase-functions/lib/index.js\"}}"}}
[debug] [2020-09-22T13:38:00.323Z] [runtime-status] [17919] Resolved module firebase-functions {"declared":true,"installed":true,"version":"3.11.0","resolution":"/home/valentin/valentin/ShopIn/shop-in/functions/node_modules/firebase-functions/lib/index.js"} {"metadata":{"emulator":{"name":"functions"},"function":{"name":"api"},"message":"[runtime-status] [17919] Resolved module firebase-functions {\"declared\":true,\"installed\":true,\"version\":\"3.11.0\",\"resolution\":\"/home/valentin/valentin/ShopIn/shop-in/functions/node_modules/firebase-functions/lib/index.js\"}"}}
[debug] [2020-09-22T13:38:00.324Z] [runtime-status] [17919] Resolved module firebase-admin {"declared":true,"installed":true,"version":"8.13.0","resolution":"/home/valentin/valentin/ShopIn/shop-in/functions/node_modules/firebase-admin/lib/index.js"} {"metadata":{"emulator":{"name":"functions"},"function":{"name":"api"},"message":"[runtime-status] [17919] Resolved module firebase-admin {\"declared\":true,\"installed\":true,\"version\":\"8.13.0\",\"resolution\":\"/home/valentin/valentin/ShopIn/shop-in/functions/node_modules/firebase-admin/lib/index.js\"}"}}
[debug] [2020-09-22T13:38:00.324Z] [runtime-status] [17919] Resolved module firebase-functions {"declared":true,"installed":true,"version":"3.11.0","resolution":"/home/valentin/valentin/ShopIn/shop-in/functions/node_modules/firebase-functions/lib/index.js"} {"metadata":{"emulator":{"name":"functions"},"function":{"name":"api"},"message":"[runtime-status] [17919] Resolved module firebase-functions {\"declared\":true,\"installed\":true,\"version\":\"3.11.0\",\"resolution\":\"/home/valentin/valentin/ShopIn/shop-in/functions/node_modules/firebase-functions/lib/index.js\"}"}}
[debug] [2020-09-22T13:38:00.325Z] [runtime-status] [17919] firebase-admin has been stubbed. {"adminResolution":{"declared":true,"installed":true,"version":"8.13.0","resolution":"/home/valentin/valentin/ShopIn/shop-in/functions/node_modules/firebase-admin/lib/index.js"}} {"metadata":{"emulator":{"name":"functions"},"function":{"name":"api"},"message":"[runtime-status] [17919] firebase-admin has been stubbed. {\"adminResolution\":{\"declared\":true,\"installed\":true,\"version\":\"8.13.0\",\"resolution\":\"/home/valentin/valentin/ShopIn/shop-in/functions/node_modules/firebase-admin/lib/index.js\"}}"}}
[debug] [2020-09-22T13:38:00.510Z] [runtime-status] [17919] Trigger "api" has been found, beginning invocation! {"metadata":{"emulator":{"name":"functions"},"function":{"name":"api"},"message":"[runtime-status] [17919] Trigger \"api\" has been found, beginning invocation!"}}
[info] i  functions: Beginning execution of "api" {"metadata":{"emulator":{"name":"functions"},"function":{"name":"api"},"message":"Beginning execution of \"api\""}}
[debug] [2020-09-22T13:38:00.515Z] [runtime-status] [17919] triggerDefinition {"httpsTrigger":{},"name":"api","entryPoint":"api"} {"metadata":{"emulator":{"name":"functions"},"function":{"name":"api"},"message":"[runtime-status] [17919] triggerDefinition {\"httpsTrigger\":{},\"name\":\"api\",\"entryPoint\":\"api\"}"}}
[debug] [2020-09-22T13:38:00.515Z] [runtime-status] [17919] Running api in mode HTTPS {"metadata":{"emulator":{"name":"functions"},"function":{"name":"api"},"message":"[runtime-status] [17919] Running api in mode HTTPS"}}
[debug] [2020-09-22T13:38:00.533Z] [runtime-status] [17919] Attempting to listen to socketPath: /tmp/fire_emu_17919.sock {"metadata":{"emulator":{"name":"functions"},"function":{"name":"api"},"message":"[runtime-status] [17919] Attempting to listen to socketPath: /tmp/fire_emu_17919.sock"}}
[debug] [2020-09-22T13:38:00.536Z] [functions] Runtime ready! Sending request! {"metadata":{"emulator":{"name":"functions"},"message":"[functions] Runtime ready! Sending request!"}}
[debug] [2020-09-22T13:38:00.566Z] [runtime-status] [17919] Ephemeral server handling GET request {"metadata":{"emulator":{"name":"functions"},"function":{"name":"api"},"message":"[runtime-status] [17919] Ephemeral server handling GET request"}}
[debug] [2020-09-22T13:38:00.582Z] [runtime-status] [17919] Ephemeral server survived. {"metadata":{"emulator":{"name":"functions"},"function":{"name":"api"},"message":"[runtime-status] [17919] Ephemeral server survived."}}
[info] i  functions: Finished "api" in ~1s {"metadata":{"emulator":{"name":"functions"},"function":{"name":"api"},"message":"Finished \"api\" in ~1s"}}
[debug] [2020-09-22T13:38:00.592Z] [worker-api-8ce86c19-70db-475a-b4f1-25f6dd88b52f]: IDLE {"metadata":{"emulator":{"name":"functions"},"message":"[worker-api-8ce86c19-70db-475a-b4f1-25f6dd88b52f]: IDLE"}}
[debug] [2020-09-22T13:38:00.593Z] [work-queue] {"queueLength":0,"workRunningCount":0}
[debug] [2020-09-22T13:38:00.934Z] Functions emulator received unknown request at path /favicon.ico
